Arguments: 
  /usr/local/bin/node /usr/share/yarn/bin/yarn.js add eslint: ^5.0.1,

PATH: 
  /home/ben/.cargo/bin:/home/ben/Code/crypto/pascalcoin/token/node_modules/.bin:/home/ben/.cargo/bin:/home/ben/bin:/home/ben/.local/bin:/usr/local/sbin:/usr/local/bin:/usr/sbin:/usr/bin:/sbin:/bin:/usr/games:/usr/local/games:/snap/bin:/home/ben/.dotnet/tools

Yarn version: 
  1.9.4

Node version: 
  12.0.0

Platform: 
  linux x64

Trace: 
  Error: Invalid URL
      at module.exports.module.exports (/usr/share/yarn/lib/cli.js:123301:9)
      at urlParts (/usr/share/yarn/lib/cli.js:33635:75)
      at NpmRegistry.isRequestToRegistry (/usr/share/yarn/lib/cli.js:33674:19)
      at NpmRegistry.request (/usr/share/yarn/lib/cli.js:33705:29)
      at NpmResolver.<anonymous> (/usr/share/yarn/lib/cli.js:51283:51)
      at Generator.next (<anonymous>)
      at step (/usr/share/yarn/lib/cli.js:92:30)
      at /usr/share/yarn/lib/cli.js:110:14
      at new Promise (<anonymous>)
      at new F (/usr/share/yarn/lib/cli.js:23624:28)

npm manifest: 
  {
    "name": "@pascalcoin-sbx/application-token",
    "version": "0.0.12",
    "description": "Token implementation on top of pascalcoin.",
    "main": "index.js",
    "directories": {
      "test": "test"
    },
    "publishConfig": {
      "access": "public"
    },
    "keywords": [
      "PascalCoin",
      "BlockChain",
      "Cryptography"
    ],
    "author": "Benjamin Ansbach <benjaminansbach@gmail.com>",
    "license": "MIT",
    "scripts": {},
    "dependencies": {
      "@pascalcoin-sbx/common": "^0.0.13",
      "@pascalcoin-sbx/signing": "^0.0.13",
      "@pascalcoin-sbx/json-rpc": "^0.0.13",
      "@pascalcoin-sbx/crypto": "^0.0.13",
      "@pascalcoin-sbx/data-spec": "^0.0.13",
      "prompt": "^1.0.0"
    }
  }

yarn manifest: 
  No manifest

Lockfile: 
  # THIS IS AN AUTOGENERATED FILE. DO NOT EDIT THIS FILE DIRECTLY.
  # yarn lockfile v1
  
  
  "@pascalcoin-sbx/common@^0.0.13":
    version "0.0.13"
    resolved "https://registry.yarnpkg.com/@pascalcoin-sbx/common/-/common-0.0.13.tgz#6e9811706fa957e82f5b6d69a2072351d77d9e0a"
    dependencies:
      bn.js "^4.11.8"
      bs58 "^4.0.1"
      mipher "^1.1.5"
  
  "@pascalcoin-sbx/crypto@^0.0.13":
    version "0.0.13"
    resolved "https://registry.yarnpkg.com/@pascalcoin-sbx/crypto/-/crypto-0.0.13.tgz#46c63d9f1de75ba657d323b022ed497326d9c37d"
    dependencies:
      "@pascalcoin-sbx/common" "^0.0.13"
      crypto-js "^3.1.9-1"
      elliptic "^6.4.1"
      mipher "^1.1.5"
  
  "@pascalcoin-sbx/data-spec@^0.0.13":
    version "0.0.13"
    resolved "https://registry.yarnpkg.com/@pascalcoin-sbx/data-spec/-/data-spec-0.0.13.tgz#f6b28809932297af5b645d2956c219c9f311c82f"
    dependencies:
      "@pascalcoin-sbx/common" "^0.0.13"
      "@pascalcoin-sbx/crypto" "^0.0.13"
  
  "@pascalcoin-sbx/json-rpc@^0.0.13":
    version "0.0.13"
    resolved "https://registry.yarnpkg.com/@pascalcoin-sbx/json-rpc/-/json-rpc-0.0.13.tgz#590115486e0453c4ffa0f1050d87676a84aecbe0"
    dependencies:
      "@pascalcoin-sbx/common" "^0.0.13"
      jayson "^2.1.0"
      node-fetch "^2.3.0"
  
  "@pascalcoin-sbx/signing@^0.0.13":
    version "0.0.13"
    resolved "https://registry.yarnpkg.com/@pascalcoin-sbx/signing/-/signing-0.0.13.tgz#5f189768224eb66dff77774f78d5deaf0f3b1c1a"
    dependencies:
      "@pascalcoin-sbx/common" "^0.0.13"
      "@pascalcoin-sbx/crypto" "^0.0.13"
  
  "@types/node@^10.3.5":
    version "10.14.7"
    resolved "https://registry.yarnpkg.com/@types/node/-/node-10.14.7.tgz#1854f0a9aa8d2cd6818d607b3d091346c6730362"
  
  JSONStream@^1.3.1:
    version "1.3.5"
    resolved "https://registry.yarnpkg.com/JSONStream/-/JSONStream-1.3.5.tgz#3208c1f08d3a4d99261ab64f92302bc15e111ca0"
    dependencies:
      jsonparse "^1.2.0"
      through ">=2.2.7 <3"
  
  async@~0.9.0:
    version "0.9.2"
    resolved "https://registry.yarnpkg.com/async/-/async-0.9.2.tgz#aea74d5e61c1f899613bf64bda66d4c78f2fd17d"
  
  async@~1.0.0:
    version "1.0.0"
    resolved "https://registry.yarnpkg.com/async/-/async-1.0.0.tgz#f8fc04ca3a13784ade9e1641af98578cfbd647a9"
  
  balanced-match@^1.0.0:
    version "1.0.0"
    resolved "https://registry.yarnpkg.com/balanced-match/-/balanced-match-1.0.0.tgz#89b4d199ab2bee49de164ea02b89ce462d71b767"
  
  base-x@^3.0.2:
    version "3.0.5"
    resolved "https://registry.yarnpkg.com/base-x/-/base-x-3.0.5.tgz#d3ada59afed05b921ab581ec3112e6444ba0795a"
    dependencies:
      safe-buffer "^5.0.1"
  
  bn.js@^4.11.8, bn.js@^4.4.0:
    version "4.11.8"
    resolved "https://registry.yarnpkg.com/bn.js/-/bn.js-4.11.8.tgz#2cde09eb5ee341f484746bb0309b3253b1b1442f"
  
  brace-expansion@^1.1.7:
    version "1.1.11"
    resolved "https://registry.yarnpkg.com/brace-expansion/-/brace-expansion-1.1.11.tgz#3c7fcbf529d87226f3d2f52b966ff5271eb441dd"
    dependencies:
      balanced-match "^1.0.0"
      concat-map "0.0.1"
  
  brorand@^1.0.1:
    version "1.1.0"
    resolved "https://registry.yarnpkg.com/brorand/-/brorand-1.1.0.tgz#12c25efe40a45e3c323eb8675a0a0ce57b22371f"
  
  bs58@^4.0.1:
    version "4.0.1"
    resolved "https://registry.yarnpkg.com/bs58/-/bs58-4.0.1.tgz#be161e76c354f6f788ae4071f63f34e8c4f0a42a"
    dependencies:
      base-x "^3.0.2"
  
  colors@1.0.x:
    version "1.0.3"
    resolved "https://registry.yarnpkg.com/colors/-/colors-1.0.3.tgz#0433f44d809680fdeb60ed260f1b0c262e82a40b"
  
  colors@^1.1.2:
    version "1.3.3"
    resolved "https://registry.yarnpkg.com/colors/-/colors-1.3.3.tgz#39e005d546afe01e01f9c4ca8fa50f686a01205d"
  
  commander@^2.12.2:
    version "2.20.0"
    resolved "https://registry.yarnpkg.com/commander/-/commander-2.20.0.tgz#d58bb2b5c1ee8f87b0d340027e9e94e222c5a422"
  
  concat-map@0.0.1:
    version "0.0.1"
    resolved "https://registry.yarnpkg.com/concat-map/-/concat-map-0.0.1.tgz#d8a96bd77fd68df7793a73036a3ba0d5405d477b"
  
  crypto-js@^3.1.9-1:
    version "3.1.9-1"
    resolved "https://registry.yarnpkg.com/crypto-js/-/crypto-js-3.1.9-1.tgz#fda19e761fc077e01ffbfdc6e9fdfc59e8806cd8"
  
  cycle@1.0.x:
    version "1.0.3"
    resolved "https://registry.yarnpkg.com/cycle/-/cycle-1.0.3.tgz#21e80b2be8580f98b468f379430662b046c34ad2"
  
  deep-equal@~0.2.1:
    version "0.2.2"
    resolved "https://registry.yarnpkg.com/deep-equal/-/deep-equal-0.2.2.tgz#84b745896f34c684e98f2ce0e42abaf43bba017d"
  
  elliptic@^6.4.1:
    version "6.4.1"
    resolved "https://registry.yarnpkg.com/elliptic/-/elliptic-6.4.1.tgz#c2d0b7776911b86722c632c3c06c60f2f819939a"
    dependencies:
      bn.js "^4.4.0"
      brorand "^1.0.1"
      hash.js "^1.0.0"
      hmac-drbg "^1.0.0"
      inherits "^2.0.1"
      minimalistic-assert "^1.0.0"
      minimalistic-crypto-utils "^1.0.0"
  
  es6-promise@^4.0.3:
    version "4.2.6"
    resolved "https://registry.yarnpkg.com/es6-promise/-/es6-promise-4.2.6.tgz#b685edd8258886365ea62b57d30de28fadcd974f"
  
  es6-promisify@^5.0.0:
    version "5.0.0"
    resolved "https://registry.yarnpkg.com/es6-promisify/-/es6-promisify-5.0.0.tgz#5109d62f3e56ea967c4b63505aef08291c8a5203"
    dependencies:
      es6-promise "^4.0.3"
  
  eyes@0.1.x, eyes@^0.1.8:
    version "0.1.8"
    resolved "https://registry.yarnpkg.com/eyes/-/eyes-0.1.8.tgz#62cf120234c683785d902348a800ef3e0cc20bc0"
  
  fs.realpath@^1.0.0:
    version "1.0.0"
    resolved "https://registry.yarnpkg.com/fs.realpath/-/fs.realpath-1.0.0.tgz#1504ad2523158caa40db4a2787cb01411994ea4f"
  
  glob@^7.1.3:
    version "7.1.4"
    resolved "https://registry.yarnpkg.com/glob/-/glob-7.1.4.tgz#aa608a2f6c577ad357e1ae5a5c26d9a8d1969255"
    dependencies:
      fs.realpath "^1.0.0"
      inflight "^1.0.4"
      inherits "2"
      minimatch "^3.0.4"
      once "^1.3.0"
      path-is-absolute "^1.0.0"
  
  hash.js@^1.0.0, hash.js@^1.0.3:
    version "1.1.7"
    resolved "https://registry.yarnpkg.com/hash.js/-/hash.js-1.1.7.tgz#0babca538e8d4ee4a0f8988d68866537a003cf42"
    dependencies:
      inherits "^2.0.3"
      minimalistic-assert "^1.0.1"
  
  hmac-drbg@^1.0.0:
    version "1.0.1"
    resolved "https://registry.yarnpkg.com/hmac-drbg/-/hmac-drbg-1.0.1.tgz#d2745701025a6c775a6c545793ed502fc0c649a1"
    dependencies:
      hash.js "^1.0.3"
      minimalistic-assert "^1.0.0"
      minimalistic-crypto-utils "^1.0.1"
  
  i@0.3.x:
    version "0.3.6"
    resolved "https://registry.yarnpkg.com/i/-/i-0.3.6.tgz#d96c92732076f072711b6b10fd7d4f65ad8ee23d"
  
  inflight@^1.0.4:
    version "1.0.6"
    resolved "https://registry.yarnpkg.com/inflight/-/inflight-1.0.6.tgz#49bd6331d7d02d0c09bc910a1075ba8165b56df9"
    dependencies:
      once "^1.3.0"
      wrappy "1"
  
  inherits@2, inherits@^2.0.1, inherits@^2.0.3:
    version "2.0.3"
    resolved "https://registry.yarnpkg.com/inherits/-/inherits-2.0.3.tgz#633c2c83e3da42a502f52466022480f4208261de"
  
  isstream@0.1.x:
    version "0.1.2"
    resolved "https://registry.yarnpkg.com/isstream/-/isstream-0.1.2.tgz#47e63f7af55afa6f92e1500e690eb8b8529c099a"
  
  jayson@^2.1.0:
    version "2.1.2"
    resolved "https://registry.yarnpkg.com/jayson/-/jayson-2.1.2.tgz#3612f578529b5cc84301f098f29cd1612119e53d"
    dependencies:
      "@types/node" "^10.3.5"
      JSONStream "^1.3.1"
      commander "^2.12.2"
      es6-promisify "^5.0.0"
      eyes "^0.1.8"
      json-stringify-safe "^5.0.1"
      lodash "^4.17.11"
      uuid "^3.2.1"
  
  json-stringify-safe@^5.0.1:
    version "5.0.1"
    resolved "https://registry.yarnpkg.com/json-stringify-safe/-/json-stringify-safe-5.0.1.tgz#1296a2d58fd45f19a0f6ce01d65701e2c735b6eb"
  
  jsonparse@^1.2.0:
    version "1.3.1"
    resolved "https://registry.yarnpkg.com/jsonparse/-/jsonparse-1.3.1.tgz#3f4dae4a91fac315f71062f8521cc239f1366280"
  
  lodash@^4.17.11:
    version "4.17.11"
    resolved "https://registry.yarnpkg.com/lodash/-/lodash-4.17.11.tgz#b39ea6229ef607ecd89e2c8df12536891cac9b8d"
  
  minimalistic-assert@^1.0.0, minimalistic-assert@^1.0.1:
    version "1.0.1"
    resolved "https://registry.yarnpkg.com/minimalistic-assert/-/minimalistic-assert-1.0.1.tgz#2e194de044626d4a10e7f7fbc00ce73e83e4d5c7"
  
  minimalistic-crypto-utils@^1.0.0, minimalistic-crypto-utils@^1.0.1:
    version "1.0.1"
    resolved "https://registry.yarnpkg.com/minimalistic-crypto-utils/-/minimalistic-crypto-utils-1.0.1.tgz#f6c00c1c0b082246e5c4d99dfb8c7c083b2b582a"
  
  minimatch@^3.0.4:
    version "3.0.4"
    resolved "https://registry.yarnpkg.com/minimatch/-/minimatch-3.0.4.tgz#5166e286457f03306064be5497e8dbb0c3d32083"
    dependencies:
      brace-expansion "^1.1.7"
  
  minimist@0.0.8:
    version "0.0.8"
    resolved "https://registry.yarnpkg.com/minimist/-/minimist-0.0.8.tgz#857fcabfc3397d2625b8228262e86aa7a011b05d"
  
  mipher@^1.1.5:
    version "1.1.5"
    resolved "https://registry.yarnpkg.com/mipher/-/mipher-1.1.5.tgz#5407cac2e99b2fee9ebf81cc35d46c91c879a741"
  
  mkdirp@0.x.x:
    version "0.5.1"
    resolved "https://registry.yarnpkg.com/mkdirp/-/mkdirp-0.5.1.tgz#30057438eac6cf7f8c4767f38648d6697d75c903"
    dependencies:
      minimist "0.0.8"
  
  mute-stream@~0.0.4:
    version "0.0.8"
    resolved "https://registry.yarnpkg.com/mute-stream/-/mute-stream-0.0.8.tgz#1630c42b2251ff81e2a283de96a5497ea92e5e0d"
  
  ncp@1.0.x:
    version "1.0.1"
    resolved "https://registry.yarnpkg.com/ncp/-/ncp-1.0.1.tgz#d15367e5cb87432ba117d2bf80fdf45aecfb4246"
  
  node-fetch@^2.3.0:
    version "2.6.0"
    resolved "https://registry.yarnpkg.com/node-fetch/-/node-fetch-2.6.0.tgz#e633456386d4aa55863f676a7ab0daa8fdecb0fd"
  
  once@^1.3.0:
    version "1.4.0"
    resolved "https://registry.yarnpkg.com/once/-/once-1.4.0.tgz#583b1aa775961d4b113ac17d9c50baef9dd76bd1"
    dependencies:
      wrappy "1"
  
  path-is-absolute@^1.0.0:
    version "1.0.1"
    resolved "https://registry.yarnpkg.com/path-is-absolute/-/path-is-absolute-1.0.1.tgz#174b9268735534ffbc7ace6bf53a5a9e1b5c5f5f"
  
  pkginfo@0.3.x:
    version "0.3.1"
    resolved "https://registry.yarnpkg.com/pkginfo/-/pkginfo-0.3.1.tgz#5b29f6a81f70717142e09e765bbeab97b4f81e21"
  
  pkginfo@0.x.x:
    version "0.4.1"
    resolved "https://registry.yarnpkg.com/pkginfo/-/pkginfo-0.4.1.tgz#b5418ef0439de5425fc4995042dced14fb2a84ff"
  
  prompt@^1.0.0:
    version "1.0.0"
    resolved "https://registry.yarnpkg.com/prompt/-/prompt-1.0.0.tgz#8e57123c396ab988897fb327fd3aedc3e735e4fe"
    dependencies:
      colors "^1.1.2"
      pkginfo "0.x.x"
      read "1.0.x"
      revalidator "0.1.x"
      utile "0.3.x"
      winston "2.1.x"
  
  read@1.0.x:
    version "1.0.7"
    resolved "https://registry.yarnpkg.com/read/-/read-1.0.7.tgz#b3da19bd052431a97671d44a42634adf710b40c4"
    dependencies:
      mute-stream "~0.0.4"
  
  revalidator@0.1.x:
    version "0.1.8"
    resolved "https://registry.yarnpkg.com/revalidator/-/revalidator-0.1.8.tgz#fece61bfa0c1b52a206bd6b18198184bdd523a3b"
  
  rimraf@2.x.x:
    version "2.6.3"
    resolved "https://registry.yarnpkg.com/rimraf/-/rimraf-2.6.3.tgz#b2d104fe0d8fb27cf9e0a1cda8262dd3833c6cab"
    dependencies:
      glob "^7.1.3"
  
  safe-buffer@^5.0.1:
    version "5.1.2"
    resolved "https://registry.yarnpkg.com/safe-buffer/-/safe-buffer-5.1.2.tgz#991ec69d296e0313747d59bdfd2b745c35f8828d"
  
  stack-trace@0.0.x:
    version "0.0.10"
    resolved "https://registry.yarnpkg.com/stack-trace/-/stack-trace-0.0.10.tgz#547c70b347e8d32b4e108ea1a2a159e5fdde19c0"
  
  "through@>=2.2.7 <3":
    version "2.3.8"
    resolved "https://registry.yarnpkg.com/through/-/through-2.3.8.tgz#0dd4c9ffaabc357960b1b724115d7e0e86a2e1f5"
  
  utile@0.3.x:
    version "0.3.0"
    resolved "https://registry.yarnpkg.com/utile/-/utile-0.3.0.tgz#1352c340eb820e4d8ddba039a4fbfaa32ed4ef3a"
    dependencies:
      async "~0.9.0"
      deep-equal "~0.2.1"
      i "0.3.x"
      mkdirp "0.x.x"
      ncp "1.0.x"
      rimraf "2.x.x"
  
  uuid@^3.2.1:
    version "3.3.2"
    resolved "https://registry.yarnpkg.com/uuid/-/uuid-3.3.2.tgz#1b4af4955eb3077c501c23872fc6513811587131"
  
  winston@2.1.x:
    version "2.1.1"
    resolved "https://registry.yarnpkg.com/winston/-/winston-2.1.1.tgz#3c9349d196207fd1bdff9d4bc43ef72510e3a12e"
    dependencies:
      async "~1.0.0"
      colors "1.0.x"
      cycle "1.0.x"
      eyes "0.1.x"
      isstream "0.1.x"
      pkginfo "0.3.x"
      stack-trace "0.0.x"
  
  wrappy@1:
    version "1.0.2"
    resolved "https://registry.yarnpkg.com/wrappy/-/wrappy-1.0.2.tgz#b5243d8f3ec1aa35f1364605bc0d1036e30ab69f"
